<?xml version="1.0" encoding="UTF-8"?>
<!-- Generated by org.testng.reporters.JUnitXMLReporter -->
<testsuite hostname="DESKTOP-MN530HT" ignored="0" name="Default test" tests="3" failures="0" timestamp="10 Jun 2022 12:27:57 GMT" time="0.031" errors="0">
  <testcase name="tc1" time="0.0" classname="org.testingconcept.TestNgOrders"/>
  <testcase name="tc2" time="0.0" classname="org.testingconcept.TestNgOrders"/>
  <testcase name="tc3" time="0.016" classname="org.testingconcept.TestNgOrders"/>
</testsuite> <!-- Default test -->
