<?xml version="1.0" encoding="UTF-8"?>
<testng-results skipped="0" failed="0" ignored="0" total="3" passed="3">
  <reporter-output>
  </reporter-output>
  <suite name="Default suite" duration-ms="31" started-at="2022-06-10T12:27:57Z" finished-at="2022-06-10T12:27:57Z">
    <groups>
    </groups>
    <test name="Default test" duration-ms="31" started-at="2022-06-10T12:27:57Z" finished-at="2022-06-10T12:27:57Z">
      <class name="org.testingconcept.TestNgOrders">
        <test-method status="PASS" signature="browserLaunch()[pri:0, instance:org.testingconcept.TestNgOrders@523884b2]" name="browserLaunch" is-config="true" duration-ms="15" started-at="2022-06-10T12:27:57Z" finished-at="2022-06-10T12:27:57Z">
          <reporter-output>
          </reporter-output>
        </test-method> <!-- browserLaunch -->
        <test-method status="PASS" signature="endTime()[pri:0, instance:org.testingconcept.TestNgOrders@523884b2]" name="endTime" is-config="true" duration-ms="0" started-at="2022-06-10T12:27:57Z" finished-at="2022-06-10T12:27:57Z">
          <reporter-output>
          </reporter-output>
        </test-method> <!-- endTime -->
        <test-method status="PASS" signature="startTime()[pri:0, instance:org.testingconcept.TestNgOrders@523884b2]" name="startTime" is-config="true" duration-ms="0" started-at="2022-06-10T12:27:57Z" finished-at="2022-06-10T12:27:57Z">
          <reporter-output>
          </reporter-output>
        </test-method> <!-- startTime -->
        <test-method status="PASS" signature="startTime()[pri:0, instance:org.testingconcept.TestNgOrders@523884b2]" name="startTime" is-config="true" duration-ms="0" started-at="2022-06-10T12:27:57Z" finished-at="2022-06-10T12:27:57Z">
          <reporter-output>
          </reporter-output>
        </test-method> <!-- startTime -->
        <test-method status="PASS" signature="endTime()[pri:0, instance:org.testingconcept.TestNgOrders@523884b2]" name="endTime" is-config="true" duration-ms="0" started-at="2022-06-10T12:27:57Z" finished-at="2022-06-10T12:27:57Z">
          <reporter-output>
          </reporter-output>
        </test-method> <!-- endTime -->
        <test-method status="PASS" signature="tc2()[pri:0, instance:org.testingconcept.TestNgOrders@523884b2]" name="tc2" duration-ms="0" started-at="2022-06-10T12:27:57Z" finished-at="2022-06-10T12:27:57Z">
          <reporter-output>
          </reporter-output>
        </test-method> <!-- tc2 -->
        <test-method status="PASS" signature="startTime()[pri:0, instance:org.testingconcept.TestNgOrders@523884b2]" name="startTime" is-config="true" duration-ms="0" started-at="2022-06-10T12:27:57Z" finished-at="2022-06-10T12:27:57Z">
          <reporter-output>
          </reporter-output>
        </test-method> <!-- startTime -->
        <test-method status="PASS" signature="tc3()[pri:0, instance:org.testingconcept.TestNgOrders@523884b2]" name="tc3" duration-ms="16" started-at="2022-06-10T12:27:57Z" finished-at="2022-06-10T12:27:57Z">
          <reporter-output>
          </reporter-output>
        </test-method> <!-- tc3 -->
        <test-method status="PASS" signature="tc1()[pri:0, instance:org.testingconcept.TestNgOrders@523884b2]" name="tc1" duration-ms="0" started-at="2022-06-10T12:27:57Z" finished-at="2022-06-10T12:27:57Z">
          <reporter-output>
          </reporter-output>
        </test-method> <!-- tc1 -->
        <test-method status="PASS" signature="endTime()[pri:0, instance:org.testingconcept.TestNgOrders@523884b2]" name="endTime" is-config="true" duration-ms="0" started-at="2022-06-10T12:27:57Z" finished-at="2022-06-10T12:27:57Z">
          <reporter-output>
          </reporter-output>
        </test-method> <!-- endTime -->
        <test-method status="PASS" signature="closeChrome()[pri:0, instance:org.testingconcept.TestNgOrders@523884b2]" name="closeChrome" is-config="true" duration-ms="0" started-at="2022-06-10T12:27:57Z" finished-at="2022-06-10T12:27:57Z">
          <reporter-output>
          </reporter-output>
        </test-method> <!-- closeChrome -->
      </class> <!-- org.testingconcept.TestNgOrders -->
    </test> <!-- Default test -->
  </suite> <!-- Default suite -->
</testng-results>
